{"C:\\Users\\jeva2\\OneDrive\\Escritorio\\Cursos\\MAKAIA\\trabajos\\Profundización\\sprints\\DEMO\\demo-day-bitalog\\src\\__test__\\activities.mock.ts": {"path":"C:\\Users\\jeva2\\OneDrive\\Escritorio\\Cursos\\MAKAIA\\trabajos\\Profundización\\sprints\\DEMO\\demo-day-bitalog\\src\\__test__\\activities.mock.ts","statementMap":{"0":{"start":{"line":3,"column":13},"end":{"line":28,"column":2}},"1":{"start":{"line":30,"column":13},"end":{"line":55,"column":2}},"2":{"start":{"line":57,"column":13},"end":{"line":82,"column":2}}},"fnMap":{},"branchMap":{},"s":{"0":2,"1":2,"2":2},"f":{},"b":{}}
,"C:\\Users\\jeva2\\OneDrive\\Escritorio\\Cursos\\MAKAIA\\trabajos\\Profundización\\sprints\\DEMO\\demo-day-bitalog\\src\\__test__\\inventory.mock.ts": {"path":"C:\\Users\\jeva2\\OneDrive\\Escritorio\\Cursos\\MAKAIA\\trabajos\\Profundización\\sprints\\DEMO\\demo-day-bitalog\\src\\__test__\\inventory.mock.ts","statementMap":{"0":{"start":{"line":3,"column":13},"end":{"line":7,"column":2}},"1":{"start":{"line":9,"column":13},"end":{"line":12,"column":2}},"2":{"start":{"line":14,"column":13},"end":{"line":19,"column":2}},"3":{"start":{"line":21,"column":13},"end":{"line":26,"column":2}},"4":{"start":{"line":28,"column":13},"end":{"line":33,"column":2}},"5":{"start":{"line":35,"column":13},"end":{"line":40,"column":2}},"6":{"start":{"line":42,"column":13},"end":{"line":47,"column":2}}},"fnMap":{},"branchMap":{},"s":{"0":1,"1":1,"2":1,"3":1,"4":1,"5":1,"6":1},"f":{},"b":{}}
,"C:\\Users\\jeva2\\OneDrive\\Escritorio\\Cursos\\MAKAIA\\trabajos\\Profundización\\sprints\\DEMO\\demo-day-bitalog\\src\\__test__\\projects.mock.ts": {"path":"C:\\Users\\jeva2\\OneDrive\\Escritorio\\Cursos\\MAKAIA\\trabajos\\Profundización\\sprints\\DEMO\\demo-day-bitalog\\src\\__test__\\projects.mock.ts","statementMap":{"0":{"start":{"line":2,"column":0},"end":{"line":2,"column":56}},"1":{"start":{"line":4,"column":13},"end":{"line":32,"column":2}},"2":{"start":{"line":34,"column":13},"end":{"line":62,"column":2}}},"fnMap":{},"branchMap":{},"s":{"0":1,"1":1,"2":1},"f":{},"b":{}}
,"C:\\Users\\jeva2\\OneDrive\\Escritorio\\Cursos\\MAKAIA\\trabajos\\Profundización\\sprints\\DEMO\\demo-day-bitalog\\src\\utilities\\formatActivities.ts": {"path":"C:\\Users\\jeva2\\OneDrive\\Escritorio\\Cursos\\MAKAIA\\trabajos\\Profundización\\sprints\\DEMO\\demo-day-bitalog\\src\\utilities\\formatActivities.ts","statementMap":{"0":{"start":{"line":4,"column":2},"end":{"line":8,"column":5}},"1":{"start":{"line":5,"column":4},"end":{"line":5,"column":43}},"2":{"start":{"line":5,"column":33},"end":{"line":5,"column":43}},"3":{"start":{"line":6,"column":4},"end":{"line":6,"column":42}},"4":{"start":{"line":6,"column":33},"end":{"line":6,"column":42}},"5":{"start":{"line":7,"column":4},"end":{"line":7,"column":13}},"6":{"start":{"line":3,"column":0},"end":{"line":3,"column":16}},"7":{"start":{"line":12,"column":18},"end":{"line":12,"column":70}},"8":{"start":{"line":12,"column":50},"end":{"line":12,"column":69}},"9":{"start":{"line":13,"column":15},"end":{"line":13,"column":66}},"10":{"start":{"line":13,"column":47},"end":{"line":13,"column":65}},"11":{"start":{"line":14,"column":2},"end":{"line":14,"column":75}},"12":{"start":{"line":14,"column":14},"end":{"line":14,"column":75}},"13":{"start":{"line":15,"column":2},"end":{"line":15,"column":63}},"14":{"start":{"line":11,"column":0},"end":{"line":11,"column":16}}},"fnMap":{"0":{"name":"sortByPriority","decl":{"start":{"line":3,"column":16},"end":{"line":3,"column":30}},"loc":{"start":{"line":3,"column":53},"end":{"line":9,"column":1}}},"1":{"name":"(anonymous_1)","decl":{"start":{"line":4,"column":25},"end":{"line":4,"column":26}},"loc":{"start":{"line":4,"column":34},"end":{"line":8,"column":3}}},"2":{"name":"formatActivitiesList","decl":{"start":{"line":11,"column":16},"end":{"line":11,"column":36}},"loc":{"start":{"line":11,"column":76},"end":{"line":16,"column":1}}},"3":{"name":"(anonymous_3)","decl":{"start":{"line":12,"column":36},"end":{"line":12,"column":37}},"loc":{"start":{"line":12,"column":50},"end":{"line":12,"column":69}}},"4":{"name":"(anonymous_4)","decl":{"start":{"line":13,"column":33},"end":{"line":13,"column":34}},"loc":{"start":{"line":13,"column":47},"end":{"line":13,"column":65}}}},"branchMap":{"0":{"loc":{"start":{"line":5,"column":4},"end":{"line":5,"column":43}},"type":"if","locations":[{"start":{"line":5,"column":4},"end":{"line":5,"column":43}}]},"1":{"loc":{"start":{"line":6,"column":4},"end":{"line":6,"column":42}},"type":"if","locations":[{"start":{"line":6,"column":4},"end":{"line":6,"column":42}}]},"2":{"loc":{"start":{"line":14,"column":2},"end":{"line":14,"column":75}},"type":"if","locations":[{"start":{"line":14,"column":2},"end":{"line":14,"column":75}}]}},"s":{"0":4,"1":2,"2":2,"3":0,"4":0,"5":0,"6":1,"7":2,"8":6,"9":2,"10":6,"11":2,"12":1,"13":1,"14":1},"f":{"0":4,"1":2,"2":2,"3":6,"4":6},"b":{"0":[2],"1":[0],"2":[1]}}
,"C:\\Users\\jeva2\\OneDrive\\Escritorio\\Cursos\\MAKAIA\\trabajos\\Profundización\\sprints\\DEMO\\demo-day-bitalog\\src\\utilities\\formatInventory.ts": {"path":"C:\\Users\\jeva2\\OneDrive\\Escritorio\\Cursos\\MAKAIA\\trabajos\\Profundización\\sprints\\DEMO\\demo-day-bitalog\\src\\utilities\\formatInventory.ts","statementMap":{"0":{"start":{"line":4,"column":30},"end":{"line":9,"column":1}},"1":{"start":{"line":5,"column":2},"end":{"line":8,"column":17}},"2":{"start":{"line":6,"column":20},"end":{"line":6,"column":39}},"3":{"start":{"line":4,"column":13},"end":{"line":4,"column":30}},"4":{"start":{"line":11,"column":34},"end":{"line":27,"column":1}},"5":{"start":{"line":15,"column":23},"end":{"line":15,"column":41}},"6":{"start":{"line":16,"column":2},"end":{"line":25,"column":5}},"7":{"start":{"line":17,"column":4},"end":{"line":24,"column":null}},"8":{"start":{"line":17,"column":36},"end":{"line":17,"column":71}},"9":{"start":{"line":18,"column":24},"end":{"line":19,"column":null}},"10":{"start":{"line":19,"column":18},"end":{"line":19,"column":53}},"11":{"start":{"line":21,"column":6},"end":{"line":21,"column":56}},"12":{"start":{"line":23,"column":6},"end":{"line":23,"column":34}},"13":{"start":{"line":26,"column":2},"end":{"line":26,"column":22}},"14":{"start":{"line":11,"column":13},"end":{"line":11,"column":34}},"15":{"start":{"line":29,"column":32},"end":{"line":48,"column":1}},"16":{"start":{"line":33,"column":2},"end":{"line":47,"column":52}},"17":{"start":{"line":35,"column":8},"end":{"line":35,"column":46}},"18":{"start":{"line":35,"column":37},"end":{"line":35,"column":46}},"19":{"start":{"line":36,"column":8},"end":{"line":37,"column":22}},"20":{"start":{"line":36,"column":37},"end":{"line":36,"column":47}},"21":{"start":{"line":37,"column":13},"end":{"line":37,"column":22}},"22":{"start":{"line":41,"column":8},"end":{"line":41,"column":46}},"23":{"start":{"line":41,"column":37},"end":{"line":41,"column":46}},"24":{"start":{"line":42,"column":8},"end":{"line":43,"column":22}},"25":{"start":{"line":42,"column":37},"end":{"line":42,"column":47}},"26":{"start":{"line":43,"column":13},"end":{"line":43,"column":22}},"27":{"start":{"line":46,"column":31},"end":{"line":46,"column":50}},"28":{"start":{"line":47,"column":31},"end":{"line":47,"column":50}},"29":{"start":{"line":29,"column":13},"end":{"line":29,"column":32}}},"fnMap":{"0":{"name":"(anonymous_0)","decl":{"start":{"line":4,"column":30},"end":{"line":4,"column":31}},"loc":{"start":{"line":4,"column":56},"end":{"line":9,"column":1}}},"1":{"name":"(anonymous_1)","decl":{"start":{"line":6,"column":10},"end":{"line":6,"column":11}},"loc":{"start":{"line":6,"column":20},"end":{"line":6,"column":39}}},"2":{"name":"(anonymous_2)","decl":{"start":{"line":11,"column":34},"end":{"line":11,"column":null}},"loc":{"start":{"line":14,"column":4},"end":{"line":27,"column":1}}},"3":{"name":"(anonymous_3)","decl":{"start":{"line":16,"column":23},"end":{"line":16,"column":24}},"loc":{"start":{"line":16,"column":36},"end":{"line":25,"column":3}}},"4":{"name":"(anonymous_4)","decl":{"start":{"line":17,"column":26},"end":{"line":17,"column":27}},"loc":{"start":{"line":17,"column":36},"end":{"line":17,"column":71}}},"5":{"name":"(anonymous_5)","decl":{"start":{"line":19,"column":8},"end":{"line":19,"column":9}},"loc":{"start":{"line":19,"column":18},"end":{"line":19,"column":53}}},"6":{"name":"(anonymous_6)","decl":{"start":{"line":29,"column":32},"end":{"line":29,"column":null}},"loc":{"start":{"line":32,"column":4},"end":{"line":48,"column":1}}},"7":{"name":"(anonymous_7)","decl":{"start":{"line":34,"column":21},"end":{"line":34,"column":22}},"loc":{"start":{"line":34,"column":30},"end":{"line":38,"column":7}}},"8":{"name":"(anonymous_8)","decl":{"start":{"line":40,"column":21},"end":{"line":40,"column":22}},"loc":{"start":{"line":40,"column":30},"end":{"line":44,"column":7}}},"9":{"name":"(anonymous_9)","decl":{"start":{"line":46,"column":21},"end":{"line":46,"column":22}},"loc":{"start":{"line":46,"column":31},"end":{"line":46,"column":50}}},"10":{"name":"(anonymous_10)","decl":{"start":{"line":47,"column":21},"end":{"line":47,"column":22}},"loc":{"start":{"line":47,"column":31},"end":{"line":47,"column":50}}}},"branchMap":{"0":{"loc":{"start":{"line":17,"column":4},"end":{"line":24,"column":null}},"type":"if","locations":[{"start":{"line":17,"column":4},"end":{"line":24,"column":null}},{"start":{"line":22,"column":11},"end":{"line":24,"column":null}}]},"1":{"loc":{"start":{"line":33,"column":9},"end":{"line":47,"column":51}},"type":"cond-expr","locations":[{"start":{"line":34,"column":6},"end":{"line":38,"column":8}},{"start":{"line":39,"column":6},"end":{"line":47,"column":51}}]},"2":{"loc":{"start":{"line":35,"column":8},"end":{"line":35,"column":46}},"type":"if","locations":[{"start":{"line":35,"column":8},"end":{"line":35,"column":46}}]},"3":{"loc":{"start":{"line":36,"column":8},"end":{"line":37,"column":22}},"type":"if","locations":[{"start":{"line":36,"column":8},"end":{"line":37,"column":22}},{"start":{"line":37,"column":13},"end":{"line":37,"column":22}}]},"4":{"loc":{"start":{"line":39,"column":6},"end":{"line":47,"column":51}},"type":"cond-expr","locations":[{"start":{"line":40,"column":6},"end":{"line":44,"column":8}},{"start":{"line":45,"column":6},"end":{"line":47,"column":51}}]},"5":{"loc":{"start":{"line":41,"column":8},"end":{"line":41,"column":46}},"type":"if","locations":[{"start":{"line":41,"column":8},"end":{"line":41,"column":46}}]},"6":{"loc":{"start":{"line":42,"column":8},"end":{"line":43,"column":22}},"type":"if","locations":[{"start":{"line":42,"column":8},"end":{"line":43,"column":22}},{"start":{"line":43,"column":13},"end":{"line":43,"column":22}}]},"7":{"loc":{"start":{"line":45,"column":6},"end":{"line":47,"column":51}},"type":"cond-expr","locations":[{"start":{"line":46,"column":6},"end":{"line":46,"column":51}},{"start":{"line":47,"column":6},"end":{"line":47,"column":51}}]}},"s":{"0":1,"1":0,"2":0,"3":1,"4":1,"5":1,"6":1,"7":2,"8":5,"9":1,"10":2,"11":1,"12":1,"13":1,"14":1,"15":1,"16":4,"17":5,"18":4,"19":1,"20":1,"21":0,"22":3,"23":0,"24":3,"25":3,"26":0,"27":5,"28":3,"29":1},"f":{"0":0,"1":0,"2":1,"3":2,"4":5,"5":2,"6":4,"7":5,"8":3,"9":5,"10":3},"b":{"0":[1,1],"1":[1,3],"2":[4],"3":[1,0],"4":[1,2],"5":[0],"6":[3,0],"7":[1,1]}}
,"C:\\Users\\jeva2\\OneDrive\\Escritorio\\Cursos\\MAKAIA\\trabajos\\Profundización\\sprints\\DEMO\\demo-day-bitalog\\src\\utilities\\formatProjects.ts": {"path":"C:\\Users\\jeva2\\OneDrive\\Escritorio\\Cursos\\MAKAIA\\trabajos\\Profundización\\sprints\\DEMO\\demo-day-bitalog\\src\\utilities\\formatProjects.ts","statementMap":{"0":{"start":{"line":2,"column":0},"end":{"line":2,"column":55}},"1":{"start":{"line":4,"column":34},"end":{"line":10,"column":1}},"2":{"start":{"line":5,"column":2},"end":{"line":9,"column":5}},"3":{"start":{"line":6,"column":4},"end":{"line":6,"column":35}},"4":{"start":{"line":6,"column":25},"end":{"line":6,"column":35}},"5":{"start":{"line":7,"column":4},"end":{"line":7,"column":34}},"6":{"start":{"line":7,"column":25},"end":{"line":7,"column":34}},"7":{"start":{"line":8,"column":4},"end":{"line":8,"column":13}},"8":{"start":{"line":4,"column":13},"end":{"line":4,"column":34}},"9":{"start":{"line":12,"column":21},"end":{"line":18,"column":1}},"10":{"start":{"line":13,"column":2},"end":{"line":17,"column":53}},"11":{"start":{"line":20,"column":31},"end":{"line":31,"column":1}},"12":{"start":{"line":24,"column":2},"end":{"line":30,"column":4}},"13":{"start":{"line":26,"column":27},"end":{"line":26,"column":56}},"14":{"start":{"line":28,"column":8},"end":{"line":28,"column":73}},"15":{"start":{"line":33,"column":34},"end":{"line":45,"column":1}},"16":{"start":{"line":37,"column":2},"end":{"line":37,"column":71}},"17":{"start":{"line":37,"column":24},"end":{"line":37,"column":71}},"18":{"start":{"line":38,"column":2},"end":{"line":38,"column":79}},"19":{"start":{"line":38,"column":28},"end":{"line":38,"column":79}},"20":{"start":{"line":39,"column":2},"end":{"line":39,"column":73}},"21":{"start":{"line":39,"column":25},"end":{"line":39,"column":73}},"22":{"start":{"line":40,"column":2},"end":{"line":44,"column":4}},"23":{"start":{"line":33,"column":13},"end":{"line":33,"column":34}}},"fnMap":{"0":{"name":"(anonymous_0)","decl":{"start":{"line":4,"column":34},"end":{"line":4,"column":35}},"loc":{"start":{"line":4,"column":58},"end":{"line":10,"column":1}}},"1":{"name":"(anonymous_1)","decl":{"start":{"line":5,"column":23},"end":{"line":5,"column":24}},"loc":{"start":{"line":5,"column":32},"end":{"line":9,"column":3}}},"2":{"name":"(anonymous_2)","decl":{"start":{"line":12,"column":21},"end":{"line":12,"column":22}},"loc":{"start":{"line":12,"column":66},"end":{"line":18,"column":1}}},"3":{"name":"(anonymous_3)","decl":{"start":{"line":20,"column":31},"end":{"line":20,"column":null}},"loc":{"start":{"line":23,"column":4},"end":{"line":31,"column":1}}},"4":{"name":"(anonymous_4)","decl":{"start":{"line":26,"column":14},"end":{"line":26,"column":15}},"loc":{"start":{"line":26,"column":27},"end":{"line":26,"column":56}}},"5":{"name":"(anonymous_5)","decl":{"start":{"line":27,"column":11},"end":{"line":27,"column":12}},"loc":{"start":{"line":27,"column":23},"end":{"line":29,"column":7}}},"6":{"name":"(anonymous_6)","decl":{"start":{"line":33,"column":34},"end":{"line":33,"column":null}},"loc":{"start":{"line":36,"column":4},"end":{"line":45,"column":1}}}},"branchMap":{"0":{"loc":{"start":{"line":6,"column":4},"end":{"line":6,"column":35}},"type":"if","locations":[{"start":{"line":6,"column":4},"end":{"line":6,"column":35}}]},"1":{"loc":{"start":{"line":7,"column":4},"end":{"line":7,"column":34}},"type":"if","locations":[{"start":{"line":7,"column":4},"end":{"line":7,"column":34}}]},"2":{"loc":{"start":{"line":13,"column":9},"end":{"line":17,"column":52}},"type":"cond-expr","locations":[{"start":{"line":14,"column":6},"end":{"line":14,"column":32}},{"start":{"line":15,"column":6},"end":{"line":17,"column":52}}]},"3":{"loc":{"start":{"line":15,"column":6},"end":{"line":17,"column":52}},"type":"cond-expr","locations":[{"start":{"line":16,"column":6},"end":{"line":16,"column":53}},{"start":{"line":17,"column":6},"end":{"line":17,"column":52}}]},"4":{"loc":{"start":{"line":16,"column":6},"end":{"line":16,"column":53}},"type":"binary-expr","locations":[{"start":{"line":16,"column":6},"end":{"line":16,"column":24}},{"start":{"line":16,"column":28},"end":{"line":16,"column":53}}]},"5":{"loc":{"start":{"line":17,"column":6},"end":{"line":17,"column":52}},"type":"binary-expr","locations":[{"start":{"line":17,"column":6},"end":{"line":17,"column":23}},{"start":{"line":17,"column":27},"end":{"line":17,"column":52}}]},"6":{"loc":{"start":{"line":37,"column":2},"end":{"line":37,"column":71}},"type":"if","locations":[{"start":{"line":37,"column":2},"end":{"line":37,"column":71}}]},"7":{"loc":{"start":{"line":38,"column":2},"end":{"line":38,"column":79}},"type":"if","locations":[{"start":{"line":38,"column":2},"end":{"line":38,"column":79}}]},"8":{"loc":{"start":{"line":39,"column":2},"end":{"line":39,"column":73}},"type":"if","locations":[{"start":{"line":39,"column":2},"end":{"line":39,"column":73}}]}},"s":{"0":1,"1":1,"2":6,"3":0,"4":0,"5":0,"6":0,"7":0,"8":1,"9":1,"10":18,"11":1,"12":6,"13":18,"14":6,"15":1,"16":4,"17":1,"18":3,"19":1,"20":2,"21":1,"22":1,"23":1},"f":{"0":6,"1":0,"2":18,"3":6,"4":18,"5":6,"6":4},"b":{"0":[0],"1":[0],"2":[6,12],"3":[6,6],"4":[6,4],"5":[6,2],"6":[1],"7":[1],"8":[1]}}
,"C:\\Users\\jeva2\\OneDrive\\Escritorio\\Cursos\\MAKAIA\\trabajos\\Profundización\\sprints\\DEMO\\demo-day-bitalog\\src\\utilities\\formatString.ts": {"path":"C:\\Users\\jeva2\\OneDrive\\Escritorio\\Cursos\\MAKAIA\\trabajos\\Profundización\\sprints\\DEMO\\demo-day-bitalog\\src\\utilities\\formatString.ts","statementMap":{"0":{"start":{"line":2,"column":2},"end":{"line":2,"column":72}},"1":{"start":{"line":1,"column":0},"end":{"line":1,"column":16}}},"fnMap":{"0":{"name":"capitalizeFirstLetter","decl":{"start":{"line":1,"column":16},"end":{"line":1,"column":37}},"loc":{"start":{"line":1,"column":52},"end":{"line":3,"column":1}}}},"branchMap":{},"s":{"0":6,"1":1},"f":{"0":6},"b":{}}
}
