TN:
SF:src\__test__\activities.mock.ts
FNF:0
FNH:0
DA:3,2
DA:30,2
DA:57,2
LF:3
LH:3
BRF:0
BRH:0
end_of_record
TN:
SF:src\__test__\inventory.mock.ts
FNF:0
FNH:0
DA:3,1
DA:9,1
DA:14,1
DA:21,1
DA:28,1
DA:35,1
DA:42,1
LF:7
LH:7
BRF:0
BRH:0
end_of_record
TN:
SF:src\__test__\projects.mock.ts
FNF:0
FNH:0
DA:2,1
DA:4,1
DA:34,1
LF:3
LH:3
BRF:0
BRH:0
end_of_record
TN:
SF:src\utilities\formatActivities.ts
FN:3,sortByPriority
FN:4,(anonymous_1)
FN:11,formatActivitiesList
FN:12,(anonymous_3)
FN:13,(anonymous_4)
FNF:5
FNH:5
FNDA:4,sortByPriority
FNDA:2,(anonymous_1)
FNDA:2,formatActivitiesList
FNDA:6,(anonymous_3)
FNDA:6,(anonymous_4)
DA:3,1
DA:4,4
DA:5,2
DA:6,0
DA:7,0
DA:11,1
DA:12,6
DA:13,6
DA:14,2
DA:15,1
LF:10
LH:8
BRDA:5,0,0,2
BRDA:6,1,0,0
BRDA:14,2,0,1
BRF:3
BRH:2
end_of_record
TN:
SF:src\utilities\formatInventory.ts
FN:4,(anonymous_0)
FN:6,(anonymous_1)
FN:11,(anonymous_2)
FN:16,(anonymous_3)
FN:17,(anonymous_4)
FN:19,(anonymous_5)
FN:29,(anonymous_6)
FN:34,(anonymous_7)
FN:40,(anonymous_8)
FN:46,(anonymous_9)
FN:47,(anonymous_10)
FNF:11
FNH:9
FNDA:0,(anonymous_0)
FNDA:0,(anonymous_1)
FNDA:1,(anonymous_2)
FNDA:2,(anonymous_3)
FNDA:5,(anonymous_4)
FNDA:2,(anonymous_5)
FNDA:4,(anonymous_6)
FNDA:5,(anonymous_7)
FNDA:3,(anonymous_8)
FNDA:5,(anonymous_9)
FNDA:3,(anonymous_10)
DA:4,1
DA:5,0
DA:6,0
DA:11,1
DA:15,1
DA:16,1
DA:17,5
DA:18,1
DA:19,2
DA:21,1
DA:23,1
DA:26,1
DA:29,1
DA:33,4
DA:35,5
DA:36,1
DA:37,0
DA:41,3
DA:42,3
DA:43,0
DA:46,5
DA:47,3
LF:22
LH:18
BRDA:17,0,0,1
BRDA:17,0,1,1
BRDA:33,1,0,1
BRDA:33,1,1,3
BRDA:35,2,0,4
BRDA:36,3,0,1
BRDA:36,3,1,0
BRDA:39,4,0,1
BRDA:39,4,1,2
BRDA:41,5,0,0
BRDA:42,6,0,3
BRDA:42,6,1,0
BRDA:45,7,0,1
BRDA:45,7,1,1
BRF:14
BRH:11
end_of_record
TN:
SF:src\utilities\formatProjects.ts
FN:4,(anonymous_0)
FN:5,(anonymous_1)
FN:12,(anonymous_2)
FN:20,(anonymous_3)
FN:26,(anonymous_4)
FN:27,(anonymous_5)
FN:33,(anonymous_6)
FNF:7
FNH:6
FNDA:6,(anonymous_0)
FNDA:0,(anonymous_1)
FNDA:18,(anonymous_2)
FNDA:6,(anonymous_3)
FNDA:18,(anonymous_4)
FNDA:6,(anonymous_5)
FNDA:4,(anonymous_6)
DA:2,1
DA:4,1
DA:5,6
DA:6,0
DA:7,0
DA:8,0
DA:12,1
DA:13,18
DA:20,1
DA:24,6
DA:26,18
DA:28,6
DA:33,1
DA:37,4
DA:38,3
DA:39,2
DA:40,1
LF:17
LH:14
BRDA:6,0,0,0
BRDA:7,1,0,0
BRDA:13,2,0,6
BRDA:13,2,1,12
BRDA:15,3,0,6
BRDA:15,3,1,6
BRDA:16,4,0,6
BRDA:16,4,1,4
BRDA:17,5,0,6
BRDA:17,5,1,2
BRDA:37,6,0,1
BRDA:38,7,0,1
BRDA:39,8,0,1
BRF:13
BRH:11
end_of_record
TN:
SF:src\utilities\formatString.ts
FN:1,capitalizeFirstLetter
FNF:1
FNH:1
FNDA:6,capitalizeFirstLetter
DA:1,1
DA:2,6
LF:2
LH:2
BRF:0
BRH:0
end_of_record
